[2025-02-26 04:16:43] INFO: Starting LCU WebSocket client...
[2025-02-26 04:16:43] INFO: Subscribing to gameflow events...
[2025-02-26 04:16:43] INFO: Starting event listener...
[2025-02-26 04:16:48] INFO: Starting LCU WebSocket client...
[2025-02-26 04:16:49] INFO: Subscribing to gameflow events...
[2025-02-26 04:16:49] INFO: Starting event listener...
[2025-02-26 04:17:29] INFO: Starting LCU WebSocket client...
[2025-02-26 04:17:30] INFO: Subscribing to gameflow events...
[2025-02-26 04:17:30] INFO: Starting event listener...
[2025-02-26 04:19:05] INFO: Starting LCU WebSocket client...
[2025-02-26 04:19:05] INFO: Subscribing to gameflow events...
[2025-02-26 04:19:05] INFO: Starting event listener...
[2025-02-26 04:20:26] INFO: Starting LCU WebSocket client...
[2025-02-26 04:20:26] INFO: Subscribing to gameflow events...
[2025-02-26 04:20:26] INFO: Starting event listener...
[2025-02-26 04:20:30] INFO: Starting LCU WebSocket client...
[2025-02-26 04:20:31] INFO: Subscribing to gameflow events...
[2025-02-26 04:20:31] INFO: Starting event listener...
[2025-02-26 04:20:40] INFO: Starting LCU WebSocket client...
[2025-02-26 04:20:41] INFO: Subscribing to gameflow events...
[2025-02-26 04:20:41] INFO: Starting event listener...
[2025-02-26 04:20:47] INFO: Starting LCU WebSocket client...
[2025-02-26 04:20:48] INFO: Subscribing to gameflow events...
[2025-02-26 04:20:48] INFO: Starting event listener...
[2025-02-26 04:21:09] INFO: Starting LCU WebSocket client...
[2025-02-26 04:21:10] INFO: Subscribing to gameflow events...
[2025-02-26 04:21:10] INFO: Starting event listener...
[2025-02-26 04:22:01] INFO: Starting LCU WebSocket client...
[2025-02-26 04:22:01] INFO: Subscribing to gameflow events...
[2025-02-26 04:22:01] INFO: Starting event listener...
[2025-02-26 04:24:04] INFO: Starting LCU WebSocket client...
[2025-02-26 04:24:04] INFO: Subscribing to gameflow events...
[2025-02-26 04:24:04] INFO: Starting event listener...
[2025-02-26 04:25:47] INFO: Starting LCU WebSocket client...
[2025-02-26 04:25:47] INFO: Subscribing to gameflow events...
[2025-02-26 04:25:47] INFO: Starting event listener...
[2025-02-26 05:01:44] INFO: Starting LCU WebSocket client...
[2025-02-26 05:01:45] INFO: Subscribing to gameflow events...
[2025-02-26 05:01:45] INFO: Starting event listener...
[2025-02-26 05:02:50] INFO: Starting LCU WebSocket client...
[2025-02-26 05:02:51] INFO: Subscribing to gameflow events...
[2025-02-26 05:02:51] INFO: Starting event listener...
[2025-02-26 05:02:53] INFO: Starting LCU WebSocket client...
[2025-02-26 05:02:54] INFO: Subscribing to gameflow events...
[2025-02-26 05:02:54] INFO: Starting event listener...
[2025-02-26 05:03:08] INFO: Starting LCU WebSocket client...
[2025-02-26 05:03:09] INFO: Subscribing to gameflow events...
[2025-02-26 05:03:09] INFO: Starting event listener...
[2025-02-26 05:03:51] INFO: Starting LCU WebSocket client...
[2025-02-26 05:03:52] INFO: Subscribing to gameflow events...
[2025-02-26 05:03:52] INFO: Starting event listener...
[2025-02-26 05:14:32] INFO: Starting LCU WebSocket client...
[2025-02-26 05:14:32] INFO: Subscribing to gameflow events...
[2025-02-26 05:14:32] INFO: Starting event listener...
[2025-02-26 05:25:49] INFO: Starting LCU WebSocket client...
[2025-02-26 05:25:50] INFO: Subscribing to gameflow events...
[2025-02-26 05:25:50] INFO: Starting event listener...
[2025-02-26 05:44:03] INFO: Starting LCU WebSocket client...
[2025-02-26 05:44:04] INFO: Subscribing to gameflow events...
[2025-02-26 05:44:04] INFO: Starting event listener...
[2025-02-26 05:44:59] INFO: Starting LCU WebSocket client...
[2025-02-26 05:45:00] INFO: Subscribing to gameflow events...
[2025-02-26 05:45:00] INFO: Starting event listener...
[2025-02-26 05:45:01] INFO: Starting LCU WebSocket client...
[2025-02-26 05:45:05] INFO: Starting LCU WebSocket client...
[2025-02-26 05:45:05] INFO: Subscribing to gameflow events...
[2025-02-26 05:45:05] INFO: Starting event listener...
[2025-02-26 05:45:10] INFO: Starting LCU WebSocket client...
[2025-02-26 05:45:10] INFO: Subscribing to gameflow events...
[2025-02-26 05:45:10] INFO: Starting event listener...
[2025-02-26 05:57:12] ERROR: Connection error: Failed to connect after 3 attempts
[2025-02-26 05:57:12] INFO: Shutting down...
[2025-02-26 05:57:12] INFO: Cancelling 0 outstanding tasks
[2025-02-26 05:57:28] ERROR: Connection error: Failed to connect after 3 attempts
[2025-02-26 05:57:28] INFO: Shutting down...
[2025-02-26 05:57:28] INFO: Cancelling 0 outstanding tasks
[2025-02-26 05:58:12] INFO: Shutting down...
[2025-02-26 05:58:12] INFO: Cancelling 0 outstanding tasks
[2025-02-26 05:58:18] INFO: Shutting down...
[2025-02-26 05:58:18] INFO: Cancelling 0 outstanding tasks
[2025-02-26 05:58:38] INFO: Shutting down...
[2025-02-26 05:58:38] INFO: Cancelling 0 outstanding tasks
[2025-02-26 05:59:37] DEBUG: Debug logging initialized
[2025-02-26 05:59:47] ERROR: Connection error: Failed to connect after 3 attempts
[2025-02-26 05:59:47] INFO: Shutting down...
[2025-02-26 05:59:47] INFO: Cancelling 0 outstanding tasks
[2025-02-26 06:00:33] ERROR: Connection error: Failed to connect after 3 attempts
[2025-02-26 06:02:08] ERROR: Connection error: Failed to connect after 3 attempts
[2025-02-26 06:12:36] INFO: Starting application...
[2025-02-26 06:12:36] INFO: Starting LCU WebSocket client...
[2025-02-26 06:12:36] INFO: Subscribing to gameflow events...
[2025-02-26 06:12:36] INFO: Starting event listener (Press Ctrl+C to exit)...
[2025-02-26 06:13:19] INFO: Starting application...
[2025-02-26 06:13:19] INFO: Starting LCU WebSocket client...
[2025-02-26 06:13:19] INFO: Subscribing to gameflow events...
[2025-02-26 06:13:19] INFO: Starting event listener (Press Ctrl+C to exit)...
[2025-02-26 06:13:39] DEBUG: Debug logging initialized
[2025-02-26 06:13:39] INFO: Starting application...
[2025-02-26 06:13:39] INFO: Starting LCU WebSocket client...
[2025-02-26 06:13:39] INFO: Subscribing to gameflow events...
[2025-02-26 06:13:39] INFO: Starting event listener (Press Ctrl+C to exit)...
[2025-02-26 06:13:42] INFO: Starting application...
[2025-02-26 06:13:42] INFO: Starting LCU WebSocket client...
[2025-02-26 06:13:42] INFO: Subscribing to gameflow events...
[2025-02-26 06:13:42] INFO: Starting event listener (Press Ctrl+C to exit)...
[2025-02-26 06:15:10] INFO: Starting application...
[2025-02-26 06:15:10] INFO: Starting LCU WebSocket client...
[2025-02-26 06:15:10] INFO: Subscribing to gameflow events...
[2025-02-26 06:15:10] INFO: Starting event listener (Press Ctrl+C to exit)...
[2025-02-26 06:15:19] INFO: Starting application...
[2025-02-26 06:15:19] INFO: Starting LCU WebSocket client...
[2025-02-26 06:15:19] INFO: Subscribing to gameflow events...
[2025-02-26 06:15:19] INFO: Starting event listener (Press Ctrl+C to exit)...
[2025-02-26 06:15:50] INFO: Starting application...
[2025-02-26 06:15:50] INFO: Starting LCU WebSocket client...
[2025-02-26 06:15:50] INFO: Subscribing to gameflow events...
[2025-02-26 06:15:50] INFO: Starting event listener (Press Ctrl+C to exit)...
[2025-02-26 06:16:21] INFO: Starting application...
[2025-02-26 06:16:21] INFO: Starting LCU WebSocket client...
[2025-02-26 06:16:21] INFO: Subscribing to gameflow events...
[2025-02-26 06:16:21] INFO: Starting event listener (Press Ctrl+C to exit)...
[2025-02-26 06:16:35] INFO: Starting application...
[2025-02-26 06:16:35] INFO: Starting LCU WebSocket client...
[2025-02-26 06:16:35] INFO: Subscribing to gameflow events...
[2025-02-26 06:16:35] INFO: Starting event listener (Press Ctrl+C to exit)...
[2025-02-26 06:17:16] INFO: Starting application...
[2025-02-26 06:17:16] INFO: Starting LCU WebSocket client...
[2025-02-26 06:17:16] INFO: Subscribing to gameflow events...
[2025-02-26 06:17:16] INFO: Starting event listener (Press Ctrl+C to exit)...
[2025-02-26 06:17:45] INFO: Starting application...
[2025-02-26 06:17:45] INFO: Starting LCU WebSocket client...
[2025-02-26 06:17:45] INFO: Subscribing to gameflow events...
[2025-02-26 06:17:45] INFO: Starting event listener (Press Ctrl+C to exit)...
[2025-02-26 06:17:50] INFO: Starting application...
[2025-02-26 06:17:50] INFO: Starting LCU WebSocket client...
[2025-02-26 06:17:50] INFO: Subscribing to gameflow events...
[2025-02-26 06:17:50] INFO: Starting event listener (Press Ctrl+C to exit)...
[2025-02-26 06:19:24] INFO: Starting application...
[2025-02-26 06:19:24] INFO: Starting LCU WebSocket client...
[2025-02-26 06:19:24] INFO: Subscribing to gameflow events...
[2025-02-26 06:19:24] INFO: Starting event listener (Press Ctrl+C to exit)...
[2025-02-26 06:19:29] INFO: Starting application...
[2025-02-26 06:19:29] INFO: Starting LCU WebSocket client...
[2025-02-26 06:19:29] INFO: Subscribing to gameflow events...
[2025-02-26 06:19:29] INFO: Starting event listener (Press Ctrl+C to exit)...
[2025-02-26 06:19:39] INFO: Starting application...
[2025-02-26 06:19:39] INFO: Starting LCU WebSocket client...
[2025-02-26 06:19:39] INFO: Subscribing to gameflow events...
[2025-02-26 06:19:39] INFO: Starting event listener (Press Ctrl+C to exit)...
[2025-02-26 06:19:43] INFO: Starting application...
[2025-02-26 06:19:43] INFO: Starting LCU WebSocket client...
[2025-02-26 06:19:43] INFO: Subscribing to gameflow events...
[2025-02-26 06:19:43] INFO: Starting event listener (Press Ctrl+C to exit)...
[2025-02-26 06:22:26] INFO: Starting application...
[2025-02-26 06:22:26] INFO: Starting LCU WebSocket client...
[2025-02-26 06:22:26] INFO: Subscribing to gameflow events...
[2025-02-26 06:22:26] INFO: Starting event listener (Press Ctrl+C to exit)...
[2025-02-26 06:22:34] INFO: Starting application...
[2025-02-26 06:22:34] INFO: Starting LCU WebSocket client...
[2025-02-26 06:22:34] INFO: Subscribing to gameflow events...
[2025-02-26 06:22:34] INFO: Starting event listener (Press Ctrl+C to exit)...
[2025-02-26 06:23:07] INFO: Starting application...
[2025-02-26 06:23:07] INFO: Starting LCU WebSocket client...
[2025-02-26 06:23:07] INFO: Subscribing to gameflow events...
[2025-02-26 06:23:07] INFO: Starting event listener (Press Ctrl+C to exit)...
[2025-02-26 06:23:12] INFO: Starting application...
[2025-02-26 06:23:12] INFO: Starting LCU WebSocket client...
[2025-02-26 06:23:12] INFO: Subscribing to gameflow events...
[2025-02-26 06:23:12] INFO: Starting event listener (Press Ctrl+C to exit)...
[2025-02-26 06:25:09] INFO: Starting application...
[2025-02-26 06:25:09] INFO: Starting LCU WebSocket client...
[2025-02-26 06:25:09] INFO: Subscribing to gameflow events...
[2025-02-26 06:25:09] INFO: Starting event listener (Press Ctrl+C to exit)...
[2025-02-26 06:26:18] INFO: Starting application...
[2025-02-26 06:26:18] INFO: Starting LCU WebSocket client...
[2025-02-26 06:26:18] INFO: Subscribing to gameflow events...
[2025-02-26 06:26:18] INFO: Starting event listener (Press Ctrl+C to exit)...
[2025-02-26 06:27:47] INFO: Starting application...
[2025-02-26 06:27:47] INFO: Starting LCU WebSocket client...
[2025-02-26 06:27:47] INFO: Subscribing to gameflow events...
[2025-02-26 06:27:47] INFO: Starting event listener (Press Ctrl+C to exit)...
[2025-02-26 06:28:00] INFO: Starting application...
[2025-02-26 06:28:00] INFO: Starting LCU WebSocket client...
[2025-02-26 06:28:00] INFO: Subscribing to gameflow events...
[2025-02-26 06:28:00] INFO: Starting event listener (Press Ctrl+C to exit)...
[2025-02-26 06:30:09] INFO: Starting application...
[2025-02-26 06:30:09] INFO: Starting LCU WebSocket client...
[2025-02-26 06:30:09] INFO: Subscribing to gameflow events...
[2025-02-26 06:30:09] INFO: Starting event listener (Press Ctrl+C to exit)...
[2025-02-26 06:30:21] INFO: Starting application...
[2025-02-26 06:30:21] INFO: Starting LCU WebSocket client...
[2025-02-26 06:30:21] INFO: Subscribing to gameflow events...
[2025-02-26 06:30:21] INFO: Starting event listener (Press Ctrl+C to exit)...
[2025-02-26 06:30:28] INFO: Starting application...
[2025-02-26 06:30:28] INFO: Starting LCU WebSocket client...
[2025-02-26 06:30:28] INFO: Subscribing to gameflow events...
[2025-02-26 06:30:28] INFO: Starting event listener (Press Ctrl+C to exit)...
[2025-02-26 06:30:37] INFO: Starting application...
[2025-02-26 06:30:37] INFO: Starting LCU WebSocket client...
[2025-02-26 06:30:37] INFO: Subscribing to gameflow events...
[2025-02-26 06:30:37] INFO: Starting event listener (Press Ctrl+C to exit)...
[2025-02-26 06:32:28] INFO: Starting application with log level: INFO
[2025-02-26 06:32:28] INFO: Starting application...
[2025-02-26 06:32:28] INFO: Starting LCU WebSocket client...
[2025-02-26 06:32:28] INFO: Subscribing to gameflow events...
[2025-02-26 06:32:28] INFO: Starting event listener (Press Ctrl+C to exit)...
[2025-02-26 06:32:32] INFO: Starting application with log level: DEBUG
[2025-02-26 06:32:32] INFO: Starting application...
[2025-02-26 06:32:32] INFO: Starting LCU WebSocket client...
[2025-02-26 06:32:32] INFO: Subscribing to gameflow events...
[2025-02-26 06:32:32] INFO: Starting event listener (Press Ctrl+C to exit)...
[2025-02-26 06:32:46] INFO: Starting application with log level: INFO
[2025-02-26 06:32:46] INFO: Starting application...
[2025-02-26 06:32:46] INFO: Starting LCU WebSocket client...
[2025-02-26 06:32:46] INFO: Subscribing to gameflow events...
[2025-02-26 06:32:46] INFO: Starting event listener (Press Ctrl+C to exit)...
[2025-02-26 06:35:35] INFO: Starting application with log level: INFO
[2025-02-26 06:35:35] INFO: Starting application...
[2025-02-26 06:35:35] INFO: Starting LCU WebSocket client...
[2025-02-26 06:35:35] INFO: Subscribing to gameflow events...
[2025-02-26 06:35:35] INFO: Starting event listener (Press Ctrl+C to exit)...
[2025-02-26 06:36:44] INFO: Starting application with log level: INFO
[2025-02-26 06:36:44] INFO: Starting application...
[2025-02-26 06:36:44] INFO: Starting LCU WebSocket client...
[2025-02-26 06:36:44] INFO: Subscribing to gameflow events...
[2025-02-26 06:36:44] INFO: Starting event listener (Press Ctrl+C to exit)...
[2025-02-26 06:47:56] INFO: Starting application with log level: DEBUG
[2025-02-26 06:47:56] INFO: Starting application...
[2025-02-26 06:47:56] INFO: Starting LCU WebSocket client...
[2025-02-26 06:47:56] INFO: Subscribing to gameflow events...
[2025-02-26 06:47:56] INFO: Starting event listener (Press Ctrl+C to exit)...
[2025-02-26 06:49:39] INFO: Starting application with log level: DEBUG
[2025-02-26 06:49:39] INFO: Starting application...
[2025-02-26 06:49:39] INFO: Starting LCU WebSocket client...
[2025-02-26 06:49:39] INFO: Subscribing to gameflow events...
[2025-02-26 06:49:39] INFO: Starting event listener (Press Ctrl+C to exit)...
[2025-02-26 06:49:51] INFO: Starting application with log level: DEBUG
[2025-02-26 06:49:51] INFO: Starting application...
[2025-02-26 06:49:51] INFO: Starting LCU WebSocket client...
[2025-02-26 06:49:51] INFO: Subscribing to gameflow events...
[2025-02-26 06:49:51] INFO: Starting event listener (Press Ctrl+C to exit)...
[2025-02-26 06:50:50] INFO: Starting application with log level: DEBUG
[2025-02-26 06:50:50] INFO: Starting application...
[2025-02-26 06:50:50] INFO: Starting LCU WebSocket client...
[2025-02-26 06:50:50] INFO: Subscribing to gameflow events...
[2025-02-26 06:50:50] INFO: Starting event listener (Press Ctrl+C to exit)...
[2025-02-26 06:52:09] INFO: Starting application with log level: DEBUG
[2025-02-26 06:52:09] INFO: Starting application...
[2025-02-26 06:52:09] INFO: Starting LCU WebSocket client...
[2025-02-26 06:52:09] INFO: Subscribing to gameflow events...
[2025-02-26 06:52:09] INFO: Starting event listener (Press Ctrl+C to exit)...
[2025-02-26 06:54:05] INFO: Starting application with log level: DEBUG
[2025-02-26 06:54:05] INFO: Starting application...
[2025-02-26 06:54:05] INFO: Starting LCU WebSocket client...
[2025-02-26 06:54:05] INFO: Subscribing to gameflow events...
[2025-02-26 06:54:05] INFO: Starting event listener (Press Ctrl+C to exit)...
[2025-02-26 06:57:02] INFO: Starting application with log level: DEBUG
[2025-02-26 06:57:02] INFO: Starting application...
[2025-02-26 06:57:02] INFO: Starting LCU WebSocket client...
[2025-02-26 06:57:02] INFO: Subscribing to gameflow events...
[2025-02-26 06:57:02] INFO: Starting event listener (Press Ctrl+C to exit)...
[2025-02-26 06:58:29] INFO: Starting application with log level: DEBUG
[2025-02-26 06:58:29] INFO: Starting application...
[2025-02-26 06:58:29] INFO: Starting LCU WebSocket client...
[2025-02-26 06:58:29] INFO: Subscribing to gameflow events...
[2025-02-26 06:58:29] INFO: Starting event listener (Press Ctrl+C to exit)...
[2025-02-26 07:02:33] INFO: Starting application with log level: DEBUG
[2025-02-26 07:02:33] INFO: Starting application...
[2025-02-26 07:02:33] INFO: Starting LCU WebSocket client...
[2025-02-26 07:02:33] INFO: Subscribing to gameflow events...
[2025-02-26 07:02:33] INFO: Starting event listener (Press Ctrl+C to exit)...
[2025-02-26 07:05:39] INFO: Starting application with log level: DEBUG
[2025-02-26 07:05:39] INFO: Starting application...
[2025-02-26 07:05:39] INFO: Starting LCU WebSocket client...
[2025-02-26 07:05:39] INFO: Subscribing to gameflow events...
[2025-02-26 07:05:39] INFO: Starting event listener (Press Ctrl+C to exit)...
[2025-02-26 07:11:19] INFO: Starting application with log level: DEBUG
[2025-02-26 07:11:40] INFO: Starting application with log level: DEBUG
[2025-02-26 07:11:40] INFO: Starting application...
[2025-02-26 07:11:40] INFO: Starting LCU WebSocket client...
[2025-02-26 07:11:40] INFO: Subscribing to gameflow events...
[2025-02-26 07:11:40] INFO: Starting event listener (Press Ctrl+C to exit)...
[2025-02-26 07:14:36] INFO: Starting application with log level: DEBUG
[2025-02-26 07:14:36] INFO: Starting application...
[2025-02-26 07:14:36] INFO: Starting LCU WebSocket client...
[2025-02-26 07:14:36] INFO: Subscribing to gameflow events...
[2025-02-26 07:14:36] INFO: Starting event listener (Press Ctrl+C to exit)...
[2025-02-26 08:57:16] INFO: Starting application with log level: INFO
[2025-02-26 08:57:16] INFO: Starting application...
[2025-02-26 08:57:17] INFO: Starting LCU WebSocket client...
[2025-02-26 08:57:17] INFO: Subscribing to gameflow events...
[2025-02-26 08:57:17] INFO: Starting event listener (Press Ctrl+C to exit)...
[2025-02-26 08:58:44] INFO: Starting application with log level: INFO
[2025-02-26 08:58:44] INFO: Starting application...
[2025-02-26 08:58:45] INFO: Starting LCU WebSocket client...
[2025-02-26 08:58:45] INFO: Subscribing to gameflow events...
[2025-02-26 08:58:45] INFO: Starting event listener (Press Ctrl+C to exit)...
[2025-02-26 09:04:38] ERROR: Connection error: Failed to connect after 3 attempts
[2025-02-26 12:14:33] INFO: Starting application with log level: INFO
[2025-02-26 12:14:33] INFO: Starting application...
[2025-02-26 12:14:34] INFO: Starting LCU WebSocket client...
[2025-02-26 12:14:34] INFO: Subscribing to gameflow events...
[2025-02-26 12:14:34] INFO: Starting event listener (Press Ctrl+C to exit)...
[2025-02-26 13:27:07] INFO: Starting application with log level: INFO
[2025-02-26 13:27:07] INFO: Starting application...
[2025-02-26 13:27:08] INFO: Starting LCU WebSocket client...
[2025-02-26 13:27:08] INFO: Subscribing to gameflow events...
[2025-02-26 13:27:08] INFO: Starting event listener (Press Ctrl+C to exit)...
[2025-02-27 12:51:33] ERROR: Connection error: Failed to connect after 3 attempts
[2025-02-27 12:52:33] INFO: Starting application with log level: INFO
[2025-02-27 12:52:33] INFO: Starting application...
[2025-02-27 12:52:34] INFO: Starting LCU WebSocket client...
[2025-02-27 12:52:34] INFO: Subscribing to gameflow events...
[2025-02-27 12:52:34] INFO: Starting event listener (Press Ctrl+C to exit)...
[2025-02-27 13:49:55] INFO: Starting application with log level: INFO
[2025-02-27 13:49:55] INFO: Starting application...
[2025-02-27 13:49:55] INFO: Starting LCU WebSocket client...
[2025-02-27 13:49:55] INFO: Subscribing to gameflow events...
[2025-02-27 13:49:55] INFO: Starting event listener (Press Ctrl+C to exit)...
[2025-02-27 15:07:54] INFO: Starting application with log level: INFO
[2025-02-27 15:07:54] INFO: Starting application...
[2025-02-27 15:07:55] INFO: Starting LCU WebSocket client...
[2025-02-27 15:07:55] INFO: Subscribing to gameflow events...
[2025-02-27 15:07:55] INFO: Starting event listener (Press Ctrl+C to exit)...
[2025-02-27 19:53:53] INFO: Starting application with log level: INFO
[2025-02-27 19:54:52] INFO: Starting application with log level: INFO
[2025-02-27 19:54:52] INFO: Starting application...
[2025-02-27 19:54:53] INFO: Starting LCU WebSocket client...
[2025-02-27 19:54:53] INFO: Subscribing to gameflow events...
[2025-02-27 19:54:53] INFO: Starting event listener (Press Ctrl+C to exit)...
[2025-02-27 19:55:03] INFO: Starting application with log level: INFO
[2025-02-27 19:55:03] INFO: Starting application...
[2025-02-27 19:55:04] INFO: Starting LCU WebSocket client...
[2025-02-27 19:55:04] INFO: Subscribing to gameflow events...
[2025-02-27 19:55:04] INFO: Starting event listener (Press Ctrl+C to exit)...
[2025-02-27 19:55:56] INFO: Starting application with log level: INFO
[2025-02-27 19:56:06] INFO: Starting application...
[2025-02-27 19:56:09] INFO: Starting application with log level: INFO
[2025-02-27 19:56:19] INFO: Starting application...
[2025-02-27 19:56:53] INFO: Starting application with log level: DEBUG
[2025-02-27 19:57:03] INFO: Starting application...
[2025-02-27 19:57:03] INFO: Starting LCU WebSocket client...
[2025-02-27 19:57:03] INFO: Subscribing to gameflow events...
[2025-02-27 19:57:03] INFO: Starting event listener (Press Ctrl+C to exit)...
[2025-02-27 19:59:08] INFO: Starting application with log level: DEBUG
[2025-02-27 19:59:08] INFO: Starting application...
[2025-02-27 19:59:13] INFO: Starting LCU WebSocket client...
[2025-02-27 19:59:13] INFO: Subscribing to gameflow events...
[2025-02-27 19:59:13] INFO: Starting event listener (Press Ctrl+C to exit)...
[2025-02-27 20:00:48] INFO: Starting application with log level: DEBUG
[2025-02-27 20:00:48] INFO: Starting application...
[2025-02-27 20:00:53] INFO: Starting LCU WebSocket client...
[2025-02-27 20:00:53] INFO: Subscribing to gameflow events...
[2025-02-27 20:00:53] INFO: Starting event listener (Press Ctrl+C to exit)...
[2025-02-27 20:02:37] INFO: Starting application with log level: DEBUG
[2025-02-27 20:02:37] INFO: Starting application...
[2025-02-27 20:02:42] INFO: Starting LCU WebSocket client...
[2025-02-27 20:02:42] INFO: Subscribing to gameflow events...
[2025-02-27 20:02:42] INFO: Starting event listener (Press Ctrl+C to exit)...
[2025-02-27 20:05:03] INFO: Starting application with log level: DEBUG
[2025-02-27 20:05:03] INFO: Starting application...
[2025-02-27 20:05:08] INFO: Starting LCU WebSocket client...
[2025-02-27 20:05:08] INFO: Subscribing to gameflow events...
[2025-02-27 20:05:08] INFO: Starting event listener (Press Ctrl+C to exit)...
[2025-02-27 20:05:51] INFO: Starting application with log level: INFO
[2025-02-27 20:05:51] INFO: Starting application...
[2025-02-27 20:05:56] INFO: Starting LCU WebSocket client...
[2025-02-27 20:05:56] INFO: Subscribing to gameflow events...
[2025-02-27 20:05:56] INFO: Starting event listener (Press Ctrl+C to exit)...
[2025-02-27 20:08:36] INFO: Starting application with log level: INFO
[2025-02-27 20:08:36] INFO: Starting application...
[2025-02-27 20:08:41] INFO: Starting LCU WebSocket client...
[2025-02-27 20:08:41] INFO: Subscribing to gameflow events...
[2025-02-27 20:08:41] INFO: Starting event listener (Press Ctrl+C to exit)...
[2025-02-27 20:11:08] INFO: Starting application with log level: INFO
[2025-02-27 20:11:08] INFO: Starting application...
[2025-02-27 20:11:13] INFO: Starting LCU WebSocket client...
[2025-02-27 20:11:13] INFO: Subscribing to gameflow events...
[2025-02-27 20:11:13] INFO: Starting event listener (Press Ctrl+C to exit)...
[2025-02-27 20:12:18] INFO: Starting application with log level: DEBUG
[2025-02-27 20:12:18] INFO: Starting application...
[2025-02-27 20:12:23] INFO: Starting LCU WebSocket client...
[2025-02-27 20:12:23] INFO: Subscribing to gameflow events...
[2025-02-27 20:12:23] INFO: Starting event listener (Press Ctrl+C to exit)...
[2025-02-27 20:15:32] INFO: Starting application with log level: INFO
[2025-02-27 20:15:32] INFO: Starting application...
[2025-02-27 20:15:37] INFO: Starting LCU WebSocket client...
[2025-02-27 20:15:37] INFO: Subscribing to gameflow events...
[2025-02-27 20:15:37] INFO: Starting event listener (Press Ctrl+C to exit)...
[2025-02-27 20:16:12] INFO: Starting application with log level: INFO
[2025-02-27 20:16:12] INFO: Starting application...
[2025-02-27 20:16:17] INFO: Starting LCU WebSocket client...
[2025-02-27 20:16:17] INFO: Subscribing to gameflow events...
[2025-02-27 20:16:17] INFO: Starting event listener (Press Ctrl+C to exit)...
[2025-02-27 20:19:51] INFO: Starting application with log level: INFO
[2025-02-27 20:19:51] INFO: Starting application...
[2025-02-27 20:19:56] INFO: Starting LCU WebSocket client...
[2025-02-27 20:19:56] INFO: Subscribing to gameflow events...
[2025-02-27 20:19:56] INFO: Starting event listener (Press Ctrl+C to exit)...
[2025-02-27 20:20:04] INFO: Starting application with log level: DEBUG
[2025-02-27 20:20:04] INFO: Starting application...
[2025-02-27 20:20:09] INFO: Starting LCU WebSocket client...
[2025-02-27 20:20:09] INFO: Subscribing to gameflow events...
[2025-02-27 20:20:09] INFO: Starting event listener (Press Ctrl+C to exit)...
[2025-02-27 20:22:42] INFO: Starting application with log level: DEBUG
[2025-02-27 20:22:42] INFO: Starting application...
[2025-02-27 20:22:47] INFO: Starting LCU WebSocket client...
[2025-02-27 20:22:47] INFO: Subscribing to gameflow events...
[2025-02-27 20:22:47] INFO: Starting event listener (Press Ctrl+C to exit)...
[2025-02-27 20:24:34] INFO: Starting application with log level: DEBUG
[2025-02-27 20:24:34] INFO: Starting application...
[2025-02-27 20:24:39] INFO: Starting LCU WebSocket client...
[2025-02-27 20:24:39] INFO: Subscribing to gameflow events...
[2025-02-27 20:24:39] INFO: Starting event listener (Press Ctrl+C to exit)...
[2025-02-27 20:28:38] INFO: Starting application with log level: DEBUG
[2025-02-27 20:28:38] DEBUG: Waiting for OBS initialization...
[2025-02-27 20:28:44] WARNING: OBS initialization timed out
[2025-02-27 20:28:44] INFO: Starting application...
[2025-02-27 20:28:45] INFO: Starting LCU WebSocket client...
[2025-02-27 20:28:45] INFO: Subscribing to gameflow events...
[2025-02-27 20:28:45] INFO: Starting event listener (Press Ctrl+C to exit)...
[2025-02-27 20:30:07] INFO: Starting application with log level: DEBUG
[2025-02-27 20:30:07] DEBUG: Initializing game logic components...
[2025-02-27 20:30:11] INFO: Starting application...
[2025-02-27 20:30:12] INFO: Starting LCU WebSocket client...
[2025-02-27 20:30:12] INFO: Subscribing to gameflow events...
[2025-02-27 20:30:12] INFO: Starting event listener (Press Ctrl+C to exit)...
[2025-02-27 20:31:33] INFO: Starting application with log level: DEBUG
[2025-02-27 20:31:33] DEBUG: Initializing game logic components...
[2025-02-27 20:31:37] INFO: Starting application...
[2025-02-27 20:31:38] INFO: Starting LCU WebSocket client...
[2025-02-27 20:31:38] INFO: Subscribing to gameflow events...
[2025-02-27 20:31:38] INFO: Starting event listener (Press Ctrl+C to exit)...
[2025-02-27 20:37:34] INFO: Starting application with log level: DEBUG
[2025-02-27 20:37:34] INFO: Starting application...
[2025-02-27 20:37:35] INFO: Starting LCU WebSocket client...
[2025-02-27 20:37:35] INFO: Subscribing to gameflow events...
[2025-02-27 20:37:35] INFO: Starting event listener (Press Ctrl+C to exit)...
[2025-02-27 20:40:01] INFO: Starting application with log level: DEBUG
[2025-02-27 20:40:01] INFO: Starting application...
[2025-02-27 20:40:01] INFO: Starting LCU WebSocket client...
[2025-02-27 20:40:01] INFO: Subscribing to gameflow events...
[2025-02-27 20:40:01] INFO: Starting event listener (Press Ctrl+C to exit)...
[2025-02-27 20:41:47] INFO: Starting application with log level: DEBUG
[2025-02-27 20:41:47] INFO: Starting application...
[2025-02-27 20:41:48] INFO: Starting LCU WebSocket client...
[2025-02-27 20:41:48] INFO: Subscribing to gameflow events...
[2025-02-27 20:41:48] INFO: Starting event listener (Press Ctrl+C to exit)...
[2025-02-27 20:42:00] INFO: Starting application with log level: DEBUG
[2025-02-27 20:42:00] INFO: Starting application...
[2025-02-27 20:42:01] INFO: Starting LCU WebSocket client...
[2025-02-27 20:42:01] INFO: Subscribing to gameflow events...
[2025-02-27 20:42:01] INFO: Starting event listener (Press Ctrl+C to exit)...
[2025-02-27 20:44:20] INFO: Starting application with log level: DEBUG
[2025-02-27 20:44:20] INFO: Starting application...
[2025-02-27 20:44:20] INFO: Starting LCU WebSocket client...
[2025-02-27 20:44:20] INFO: Subscribing to gameflow events...
[2025-02-27 20:44:20] INFO: Starting event listener (Press Ctrl+C to exit)...
[2025-02-27 20:45:33] INFO: Starting application with log level: DEBUG
[2025-02-27 20:45:33] INFO: Starting application...
[2025-02-27 20:45:34] INFO: Starting LCU WebSocket client...
[2025-02-27 20:45:34] INFO: Subscribing to gameflow events...
[2025-02-27 20:45:34] INFO: Starting event listener (Press Ctrl+C to exit)...
[2025-02-27 20:46:49] INFO: Starting application with log level: DEBUG
[2025-02-27 20:46:49] INFO: Starting application...
[2025-02-27 20:46:50] INFO: Starting LCU WebSocket client...
[2025-02-27 20:46:50] INFO: Subscribing to gameflow events...
[2025-02-27 20:46:50] INFO: Starting event listener (Press Ctrl+C to exit)...
[2025-02-27 20:48:05] INFO: Starting application with log level: DEBUG
[2025-02-27 20:48:05] INFO: Starting application...
[2025-02-27 20:48:06] INFO: Starting LCU WebSocket client...
[2025-02-27 20:48:06] INFO: Subscribing to gameflow events...
[2025-02-27 20:48:06] INFO: Starting event listener (Press Ctrl+C to exit)...
[2025-02-27 20:49:18] INFO: Starting application with log level: INFO
[2025-02-27 20:49:18] INFO: Starting application...
[2025-02-27 20:49:19] INFO: Starting LCU WebSocket client...
[2025-02-27 20:49:19] INFO: Subscribing to gameflow events...
[2025-02-27 20:49:19] INFO: Starting event listener (Press Ctrl+C to exit)...
[2025-02-27 20:50:45] INFO: Starting application with log level: DEBUG
[2025-02-27 20:50:45] INFO: Starting application...
[2025-02-27 20:50:46] INFO: Starting LCU WebSocket client...
[2025-02-27 20:50:46] INFO: Subscribing to gameflow events...
[2025-02-27 20:50:46] INFO: Starting event listener (Press Ctrl+C to exit)...
[2025-02-27 20:53:35] INFO: Starting application with log level: DEBUG
[2025-02-27 20:53:35] INFO: Starting application...
[2025-02-27 20:53:36] INFO: Starting LCU WebSocket client...
[2025-02-27 20:53:36] INFO: Subscribing to gameflow events...
[2025-02-27 20:53:36] INFO: Starting event listener (Press Ctrl+C to exit)...
[2025-02-27 20:57:40] INFO: Starting application with log level: DEBUG
[2025-02-27 20:57:40] INFO: Starting application...
[2025-02-27 20:57:41] INFO: Starting LCU WebSocket client...
[2025-02-27 20:57:41] INFO: Subscribing to gameflow events...
[2025-02-27 20:57:41] INFO: Starting event listener (Press Ctrl+C to exit)...
[2025-02-27 21:01:10] INFO: Starting application with log level: DEBUG
[2025-02-27 21:01:10] INFO: Starting application...
[2025-02-27 21:01:11] INFO: Starting LCU WebSocket client...
[2025-02-27 21:01:11] INFO: Subscribing to gameflow events...
[2025-02-27 21:01:11] INFO: Starting event listener (Press Ctrl+C to exit)...
[2025-02-27 21:03:34] INFO: Starting application with log level: DEBUG
[2025-02-27 21:03:34] INFO: Starting application...
[2025-02-27 21:03:35] INFO: Starting LCU WebSocket client...
[2025-02-27 21:03:35] INFO: Subscribing to gameflow events...
[2025-02-27 21:03:35] INFO: Starting event listener (Press Ctrl+C to exit)...
[2025-02-27 21:07:32] INFO: Starting application with log level: DEBUG
[2025-02-27 21:07:32] INFO: Starting application...
[2025-02-27 21:07:33] INFO: Starting LCU WebSocket client...
[2025-02-27 21:07:33] INFO: Subscribing to gameflow events...
[2025-02-27 21:07:33] INFO: Starting event listener (Press Ctrl+C to exit)...
[2025-02-27 21:12:02] INFO: Starting application with log level: DEBUG
[2025-02-27 21:12:02] INFO: Starting application...
[2025-02-27 21:12:03] INFO: Starting LCU WebSocket client...
[2025-02-27 21:12:03] INFO: Subscribing to gameflow events...
[2025-02-27 21:12:03] INFO: Starting event listener (Press Ctrl+C to exit)...
[2025-02-27 21:16:58] INFO: Starting application with log level: DEBUG
[2025-02-27 21:16:58] INFO: Starting application...
[2025-02-27 21:16:59] INFO: Starting LCU WebSocket client...
[2025-02-27 21:16:59] INFO: Subscribing to gameflow events...
[2025-02-27 21:16:59] INFO: Starting event listener (Press Ctrl+C to exit)...
[2025-02-27 21:20:35] INFO: Starting application with log level: DEBUG
[2025-02-27 21:20:35] INFO: Starting application...
[2025-02-27 21:20:36] INFO: Starting LCU WebSocket client...
[2025-02-27 21:20:36] INFO: Subscribing to gameflow events...
[2025-02-27 21:20:36] INFO: Starting event listener (Press Ctrl+C to exit)...
[2025-02-27 21:24:35] INFO: Starting application with log level: DEBUG
[2025-02-27 21:24:35] INFO: Starting application...
[2025-02-27 21:24:36] INFO: Starting LCU WebSocket client...
[2025-02-27 21:24:36] INFO: Subscribing to gameflow events...
[2025-02-27 21:24:36] INFO: Starting event listener (Press Ctrl+C to exit)...
[2025-02-27 21:27:50] INFO: Starting application with log level: DEBUG
[2025-02-27 21:27:50] INFO: Starting application...
[2025-02-27 21:27:51] INFO: Starting LCU WebSocket client...
[2025-02-27 21:27:51] INFO: Subscribing to gameflow events...
[2025-02-27 21:27:51] INFO: Starting event listener (Press Ctrl+C to exit)...
[2025-02-27 21:30:34] INFO: Starting application with log level: DEBUG
[2025-02-27 21:30:34] INFO: Starting application...
[2025-02-27 21:30:34] INFO: Starting LCU WebSocket client...
[2025-02-27 21:30:34] INFO: Subscribing to gameflow events...
[2025-02-27 21:30:34] INFO: Starting event listener (Press Ctrl+C to exit)...
[2025-02-27 21:33:27] INFO: Starting application with log level: DEBUG
[2025-02-27 21:33:27] INFO: Starting application...
[2025-02-27 21:33:28] INFO: Starting LCU WebSocket client...
[2025-02-27 21:33:28] INFO: Subscribing to gameflow events...
[2025-02-27 21:33:28] INFO: Starting event listener (Press Ctrl+C to exit)...
[2025-02-27 21:40:03] INFO: Starting application with log level: DEBUG
[2025-02-27 21:40:03] INFO: Starting application...
[2025-02-27 21:40:04] INFO: Starting LCU WebSocket client...
[2025-02-27 21:40:04] INFO: Subscribing to gameflow events...
[2025-02-27 21:40:04] INFO: Starting event listener (Press Ctrl+C to exit)...
[2025-02-27 21:41:12] INFO: Starting application with log level: DEBUG
[2025-02-27 21:41:12] INFO: Starting application...
[2025-02-27 21:41:13] INFO: Starting LCU WebSocket client...
[2025-02-27 21:41:13] INFO: Subscribing to gameflow events...
[2025-02-27 21:41:13] INFO: Starting event listener (Press Ctrl+C to exit)...
[2025-02-27 21:44:04] INFO: Starting application with log level: DEBUG
[2025-02-27 21:44:04] INFO: Starting application...
[2025-02-27 21:44:05] INFO: Starting LCU WebSocket client...
[2025-02-27 21:44:05] INFO: Subscribing to gameflow events...
[2025-02-27 21:44:05] INFO: Starting event listener (Press Ctrl+C to exit)...
[2025-02-27 21:50:38] INFO: Starting application with log level: DEBUG
[2025-02-27 21:50:38] INFO: Starting application...
[2025-02-27 21:50:39] INFO: Starting LCU WebSocket client...
[2025-02-27 21:50:39] INFO: Subscribing to gameflow events...
[2025-02-27 21:50:39] INFO: Starting event listener (Press Ctrl+C to exit)...
[2025-02-27 22:43:52] INFO: Starting application with log level: INFO
[2025-02-27 22:43:52] INFO: Starting application...
[2025-02-27 22:43:53] INFO: Starting LCU WebSocket client...
[2025-02-27 22:43:53] INFO: Subscribing to gameflow events...
[2025-02-27 22:43:53] INFO: Starting event listener (Press Ctrl+C to exit)...
[2025-02-27 22:45:32] INFO: Starting application with log level: INFO
[2025-02-27 22:45:32] INFO: Starting application...
[2025-02-27 22:45:33] INFO: Starting LCU WebSocket client...
[2025-02-27 22:45:33] INFO: Subscribing to gameflow events...
[2025-02-27 22:45:33] INFO: Starting event listener (Press Ctrl+C to exit)...
[2025-02-27 22:45:54] INFO: Starting application with log level: INFO
[2025-02-27 22:45:54] INFO: Starting application...
[2025-02-27 22:45:55] INFO: Starting LCU WebSocket client...
[2025-02-27 22:45:55] INFO: Subscribing to gameflow events...
[2025-02-27 22:45:55] INFO: Starting event listener (Press Ctrl+C to exit)...
[2025-02-27 22:47:28] INFO: Starting application with log level: INFO
[2025-02-27 22:47:28] INFO: Starting application...
[2025-02-27 22:47:29] INFO: Starting LCU WebSocket client...
[2025-02-27 22:47:29] INFO: Subscribing to gameflow events...
[2025-02-27 22:47:29] INFO: Starting event listener (Press Ctrl+C to exit)...
[2025-02-27 22:49:11] INFO: Starting application with log level: INFO
[2025-02-27 22:49:11] INFO: Starting application...
[2025-02-27 22:49:11] INFO: Starting LCU WebSocket client...
[2025-02-27 22:49:11] INFO: Subscribing to gameflow events...
[2025-02-27 22:49:11] INFO: Starting event listener (Press Ctrl+C to exit)...
[2025-02-27 22:50:16] INFO: Starting application with log level: INFO
[2025-02-27 22:50:16] INFO: Starting application...
[2025-02-27 22:50:17] INFO: Starting LCU WebSocket client...
[2025-02-27 22:50:17] INFO: Subscribing to gameflow events...
[2025-02-27 22:50:17] INFO: Starting event listener (Press Ctrl+C to exit)...
[2025-02-27 22:51:27] INFO: Starting application with log level: INFO
[2025-02-27 22:51:27] INFO: Starting application...
[2025-02-27 22:51:28] INFO: Starting LCU WebSocket client...
[2025-02-27 22:51:28] INFO: Subscribing to gameflow events...
[2025-02-27 22:51:28] INFO: Starting event listener (Press Ctrl+C to exit)...
[2025-02-27 22:51:55] INFO: Starting application with log level: DEBUG
[2025-02-27 22:51:55] INFO: Starting application...
[2025-02-27 22:51:56] INFO: Starting LCU WebSocket client...
[2025-02-27 22:51:56] INFO: Subscribing to gameflow events...
[2025-02-27 22:51:56] INFO: Starting event listener (Press Ctrl+C to exit)...
[2025-02-27 22:55:14] INFO: Starting application with log level: DEBUG
[2025-02-27 22:55:14] INFO: Starting application...
[2025-02-27 22:55:15] INFO: Starting LCU WebSocket client...
[2025-02-27 22:55:15] INFO: Subscribing to gameflow events...
[2025-02-27 22:55:15] INFO: Starting event listener (Press Ctrl+C to exit)...
[2025-02-27 22:56:04] INFO: Starting application with log level: DEBUG
[2025-02-27 22:56:04] INFO: Starting application...
[2025-02-27 22:56:05] INFO: Starting LCU WebSocket client...
[2025-02-27 22:56:05] INFO: Subscribing to gameflow events...
[2025-02-27 22:56:05] INFO: Starting event listener (Press Ctrl+C to exit)...
[2025-02-27 22:56:55] INFO: Starting application with log level: DEBUG
[2025-02-27 22:56:55] INFO: Starting application...
[2025-02-27 22:56:56] INFO: Starting LCU WebSocket client...
[2025-02-27 22:56:56] INFO: Subscribing to gameflow events...
[2025-02-27 22:56:56] INFO: Starting event listener (Press Ctrl+C to exit)...
[2025-02-27 22:59:05] INFO: Starting application with log level: DEBUG
[2025-02-27 22:59:05] INFO: Starting application...
[2025-02-27 22:59:06] INFO: Starting LCU WebSocket client...
[2025-02-27 22:59:06] INFO: Subscribing to gameflow events...
[2025-02-27 22:59:06] INFO: Starting event listener (Press Ctrl+C to exit)...
[2025-02-27 23:00:33] INFO: Starting application with log level: DEBUG
[2025-02-27 23:00:33] INFO: Starting application...
[2025-02-27 23:00:33] INFO: Starting LCU WebSocket client...
[2025-02-27 23:00:33] INFO: Subscribing to gameflow events...
[2025-02-27 23:00:33] INFO: Starting event listener (Press Ctrl+C to exit)...
[2025-02-27 23:02:55] INFO: Starting application with log level: DEBUG
[2025-02-27 23:02:55] INFO: Starting application...
[2025-02-27 23:02:56] INFO: Starting LCU WebSocket client...
[2025-02-27 23:02:56] INFO: Subscribing to gameflow events...
[2025-02-27 23:02:56] INFO: Starting event listener (Press Ctrl+C to exit)...
[2025-02-27 23:06:30] INFO: Starting application with log level: DEBUG
[2025-02-27 23:06:30] INFO: Starting application...
[2025-02-27 23:06:31] INFO: Starting LCU WebSocket client...
[2025-02-27 23:06:31] INFO: Subscribing to gameflow events...
[2025-02-27 23:06:31] INFO: Starting event listener (Press Ctrl+C to exit)...
[2025-02-27 23:08:53] INFO: Starting application with log level: DEBUG
[2025-02-27 23:08:53] INFO: Starting application...
[2025-02-27 23:08:54] INFO: Starting LCU WebSocket client...
[2025-02-27 23:08:54] INFO: Subscribing to gameflow events...
[2025-02-27 23:08:54] INFO: Starting event listener (Press Ctrl+C to exit)...
[2025-02-27 23:11:25] INFO: Starting application with log level: DEBUG
[2025-02-27 23:11:25] INFO: Starting application...
[2025-02-27 23:11:26] INFO: Starting LCU WebSocket client...
[2025-02-27 23:11:26] INFO: Subscribing to gameflow events...
[2025-02-27 23:11:26] INFO: Starting event listener (Press Ctrl+C to exit)...
[2025-02-27 23:12:47] INFO: Starting application with log level: DEBUG
[2025-02-27 23:12:47] INFO: Starting application...
[2025-02-27 23:12:48] INFO: Starting LCU WebSocket client...
[2025-02-27 23:12:48] INFO: Subscribing to gameflow events...
[2025-02-27 23:12:48] INFO: Starting event listener (Press Ctrl+C to exit)...
[2025-02-27 23:16:28] INFO: Starting application with log level: DEBUG
[2025-02-27 23:16:28] INFO: Starting application...
[2025-02-27 23:16:29] INFO: Starting LCU WebSocket client...
[2025-02-27 23:16:29] INFO: Subscribing to gameflow events...
[2025-02-27 23:16:29] INFO: Starting event listener (Press Ctrl+C to exit)...
[2025-02-27 23:20:36] INFO: Starting application with log level: DEBUG
[2025-02-27 23:20:36] INFO: Starting application...
[2025-02-27 23:20:37] INFO: Starting LCU WebSocket client...
[2025-02-27 23:20:37] INFO: Subscribing to gameflow events...
[2025-02-27 23:20:37] INFO: Starting event listener (Press Ctrl+C to exit)...
[2025-02-27 23:24:58] INFO: Starting application with log level: INFO
[2025-02-27 23:24:58] INFO: Starting application...
[2025-02-27 23:24:59] INFO: Starting LCU WebSocket client...
[2025-02-27 23:24:59] INFO: Subscribing to gameflow events...
[2025-02-27 23:24:59] INFO: Starting event listener (Press Ctrl+C to exit)...
[2025-02-27 23:28:03] INFO: Starting application with log level: INFO
[2025-02-27 23:28:03] INFO: Starting application...
[2025-02-27 23:28:04] INFO: Starting LCU WebSocket client...
[2025-02-27 23:28:04] INFO: Subscribing to gameflow events...
[2025-02-27 23:28:04] INFO: Starting event listener (Press Ctrl+C to exit)...
[2025-02-27 23:29:21] INFO: Starting application with log level: INFO
[2025-02-27 23:29:21] INFO: Starting application...
[2025-02-27 23:29:22] INFO: Starting LCU WebSocket client...
[2025-02-27 23:29:22] INFO: Subscribing to gameflow events...
[2025-02-27 23:29:22] INFO: Starting event listener (Press Ctrl+C to exit)...
[2025-02-27 23:30:40] INFO: Starting application with log level: INFO
[2025-02-27 23:30:40] INFO: Starting application...
[2025-02-27 23:30:41] INFO: Starting LCU WebSocket client...
[2025-02-27 23:30:41] INFO: Subscribing to gameflow events...
[2025-02-27 23:30:41] INFO: Starting event listener (Press Ctrl+C to exit)...
[2025-02-27 23:32:18] INFO: Starting application with log level: DEBUG
[2025-02-27 23:32:18] INFO: Starting application...
[2025-02-27 23:32:19] INFO: Starting LCU WebSocket client...
[2025-02-27 23:32:19] INFO: Subscribing to gameflow events...
[2025-02-27 23:32:19] INFO: Starting event listener (Press Ctrl+C to exit)...
[2025-02-27 23:35:22] INFO: Starting application with log level: DEBUG
[2025-02-27 23:35:22] INFO: Starting application...
[2025-02-27 23:35:23] INFO: Starting LCU WebSocket client...
[2025-02-27 23:35:23] INFO: Subscribing to gameflow events...
[2025-02-27 23:35:23] INFO: Starting event listener (Press Ctrl+C to exit)...
[2025-02-27 23:39:46] INFO: Starting application with log level: DEBUG
[2025-02-27 23:39:46] INFO: Starting application...
[2025-02-27 23:39:47] INFO: Starting LCU WebSocket client...
[2025-02-27 23:39:47] INFO: Subscribing to gameflow events...
[2025-02-27 23:39:47] INFO: Starting event listener (Press Ctrl+C to exit)...
[2025-02-27 23:47:27] INFO: Starting application with log level: DEBUG
[2025-02-27 23:47:27] INFO: Starting application...
[2025-02-27 23:47:28] INFO: Starting LCU WebSocket client...
[2025-02-27 23:47:28] INFO: Subscribing to gameflow events...
[2025-02-27 23:47:28] INFO: Starting event listener (Press Ctrl+C to exit)...
[2025-02-27 23:49:26] INFO: Starting application with log level: DEBUG
[2025-02-27 23:49:26] INFO: Starting application...
[2025-02-27 23:49:27] INFO: Starting LCU WebSocket client...
[2025-02-27 23:49:27] INFO: Subscribing to gameflow events...
[2025-02-27 23:49:27] INFO: Starting event listener (Press Ctrl+C to exit)...
[2025-02-27 23:53:45] INFO: Starting application with log level: DEBUG
[2025-02-27 23:53:45] INFO: Starting application...
[2025-02-27 23:53:46] INFO: Starting LCU WebSocket client...
[2025-02-27 23:53:46] INFO: Subscribing to gameflow events...
[2025-02-27 23:53:46] INFO: Starting event listener (Press Ctrl+C to exit)...
[2025-02-27 23:55:29] INFO: Starting application with log level: DEBUG
[2025-02-27 23:55:29] INFO: Starting application...
[2025-02-27 23:55:30] INFO: Starting LCU WebSocket client...
[2025-02-27 23:55:30] INFO: Subscribing to gameflow events...
[2025-02-27 23:55:30] INFO: Starting event listener (Press Ctrl+C to exit)...
[2025-02-27 23:57:00] INFO: Starting application with log level: DEBUG
[2025-02-27 23:57:00] INFO: Starting application...
[2025-02-27 23:57:01] INFO: Starting LCU WebSocket client...
[2025-02-27 23:57:01] INFO: Subscribing to gameflow events...
[2025-02-27 23:57:01] INFO: Starting event listener (Press Ctrl+C to exit)...
[2025-02-27 23:57:45] INFO: Starting application with log level: DEBUG
[2025-02-27 23:57:45] INFO: Starting application...
[2025-02-27 23:57:46] INFO: Starting LCU WebSocket client...
[2025-02-27 23:57:46] INFO: Subscribing to gameflow events...
[2025-02-27 23:57:46] INFO: Starting event listener (Press Ctrl+C to exit)...
[2025-02-27 23:58:07] INFO: Starting application with log level: DEBUG
[2025-02-27 23:58:07] INFO: Starting application...
[2025-02-27 23:58:08] INFO: Starting LCU WebSocket client...
[2025-02-27 23:58:08] INFO: Subscribing to gameflow events...
[2025-02-27 23:58:08] INFO: Starting event listener (Press Ctrl+C to exit)...
[2025-02-27 23:59:00] INFO: Starting application with log level: DEBUG
[2025-02-27 23:59:00] INFO: Starting application...
[2025-02-27 23:59:01] INFO: Starting LCU WebSocket client...
[2025-02-27 23:59:01] INFO: Subscribing to gameflow events...
[2025-02-27 23:59:01] INFO: Starting event listener (Press Ctrl+C to exit)...
[2025-02-28 00:00:37] INFO: Starting application with log level: DEBUG
[2025-02-28 00:00:37] INFO: Starting application...
[2025-02-28 00:00:38] INFO: Starting LCU WebSocket client...
[2025-02-28 00:00:38] INFO: Subscribing to gameflow events...
[2025-02-28 00:00:38] INFO: Starting event listener (Press Ctrl+C to exit)...
[2025-02-28 00:02:00] INFO: Starting application with log level: DEBUG
[2025-02-28 00:02:00] INFO: Starting application...
[2025-02-28 00:02:01] INFO: Starting LCU WebSocket client...
[2025-02-28 00:02:01] INFO: Subscribing to gameflow events...
[2025-02-28 00:02:01] INFO: Starting event listener (Press Ctrl+C to exit)...
[2025-02-28 00:09:40] INFO: Starting application with log level: DEBUG
[2025-02-28 00:09:41] INFO: Starting application...
[2025-02-28 00:09:42] INFO: Starting LCU WebSocket client...
[2025-02-28 00:09:42] INFO: Subscribing to gameflow events...
[2025-02-28 00:09:42] INFO: Starting event listener (Press Ctrl+C to exit)...
[2025-02-28 00:11:33] INFO: Starting application with log level: DEBUG
[2025-02-28 00:11:33] INFO: Starting application...
[2025-02-28 00:11:34] INFO: Starting LCU WebSocket client...
[2025-02-28 00:11:34] INFO: Subscribing to gameflow events...
[2025-02-28 00:11:34] INFO: Starting event listener (Press Ctrl+C to exit)...
[2025-02-28 00:14:22] INFO: Starting application with log level: DEBUG
[2025-02-28 00:14:22] INFO: Starting application...
[2025-02-28 00:14:23] INFO: Starting LCU WebSocket client...
[2025-02-28 00:14:23] INFO: Subscribing to gameflow events...
[2025-02-28 00:14:23] INFO: Starting event listener (Press Ctrl+C to exit)...
[2025-02-28 00:18:07] INFO: Starting application with log level: DEBUG
[2025-02-28 00:18:07] INFO: Starting application...
[2025-02-28 00:18:07] INFO: Starting LCU WebSocket client...
[2025-02-28 00:18:07] INFO: Subscribing to gameflow events...
[2025-02-28 00:18:07] INFO: Starting event listener (Press Ctrl+C to exit)...
[2025-02-28 00:23:59] INFO: Starting application with log level: DEBUG
[2025-02-28 00:23:59] INFO: Starting application...
[2025-02-28 00:24:00] INFO: Starting LCU WebSocket client...
[2025-02-28 00:24:00] INFO: Subscribing to gameflow events...
[2025-02-28 00:24:00] INFO: Starting event listener (Press Ctrl+C to exit)...
[2025-02-28 00:48:02] INFO: Starting application with log level: DEBUG
[2025-02-28 00:48:02] INFO: Starting application...
[2025-02-28 00:48:03] INFO: Starting LCU WebSocket client...
[2025-02-28 00:48:03] INFO: Subscribing to gameflow events...
[2025-02-28 00:48:03] INFO: Starting event listener (Press Ctrl+C to exit)...
[2025-02-28 00:54:27] INFO: Starting application with log level: DEBUG
[2025-02-28 00:54:27] INFO: Starting application...
[2025-02-28 00:54:28] INFO: Starting LCU WebSocket client...
[2025-02-28 00:54:28] INFO: Subscribing to gameflow events...
[2025-02-28 00:54:28] INFO: Starting event listener (Press Ctrl+C to exit)...
[2025-02-28 00:58:24] INFO: Starting application with log level: DEBUG
[2025-02-28 00:58:24] INFO: Starting application...
[2025-02-28 00:58:25] INFO: Starting LCU WebSocket client...
[2025-02-28 00:58:25] INFO: Subscribing to gameflow events...
[2025-02-28 00:58:25] INFO: Starting event listener (Press Ctrl+C to exit)...
[2025-02-28 01:03:31] INFO: Starting application with log level: DEBUG
[2025-02-28 01:03:31] INFO: Starting application...
[2025-02-28 01:03:32] INFO: Starting LCU WebSocket client...
[2025-02-28 01:03:32] INFO: Subscribing to gameflow events...
[2025-02-28 01:03:32] INFO: Starting event listener (Press Ctrl+C to exit)...
[2025-02-28 01:14:55] INFO: Starting application with log level: DEBUG
[2025-02-28 01:14:55] INFO: Starting application...
[2025-02-28 01:14:56] INFO: Starting LCU WebSocket client...
[2025-02-28 01:14:56] INFO: Subscribing to gameflow events...
[2025-02-28 01:14:56] INFO: Starting event listener (Press Ctrl+C to exit)...
[2025-02-28 01:33:46] INFO: Starting application with log level: DEBUG
[2025-02-28 01:33:46] INFO: Starting application...
[2025-02-28 01:33:47] INFO: Starting LCU WebSocket client...
[2025-02-28 01:33:47] INFO: Subscribing to gameflow events...
[2025-02-28 01:33:47] INFO: Starting event listener (Press Ctrl+C to exit)...
[2025-02-28 01:36:04] INFO: Starting application with log level: DEBUG
[2025-02-28 01:36:04] INFO: Starting application...
[2025-02-28 01:36:05] INFO: Starting LCU WebSocket client...
[2025-02-28 01:36:05] INFO: Subscribing to gameflow events...
[2025-02-28 01:36:05] INFO: Starting event listener (Press Ctrl+C to exit)...
[2025-02-28 01:40:17] INFO: Starting application with log level: DEBUG
[2025-02-28 01:40:17] INFO: Starting application...
[2025-02-28 01:40:18] INFO: Starting LCU WebSocket client...
[2025-02-28 01:40:18] INFO: Subscribing to gameflow events...
[2025-02-28 01:40:18] INFO: Starting event listener (Press Ctrl+C to exit)...
[2025-02-28 01:41:57] INFO: Starting application with log level: DEBUG
[2025-02-28 01:41:57] INFO: Starting application...
[2025-02-28 01:41:58] INFO: Starting LCU WebSocket client...
[2025-02-28 01:41:58] INFO: Subscribing to gameflow events...
[2025-02-28 01:41:58] INFO: Starting event listener (Press Ctrl+C to exit)...
[2025-02-28 01:44:30] INFO: Starting application with log level: DEBUG
[2025-02-28 01:44:30] INFO: Starting application...
[2025-02-28 01:44:31] INFO: Starting LCU WebSocket client...
[2025-02-28 01:44:31] INFO: Subscribing to gameflow events...
[2025-02-28 01:44:31] INFO: Starting event listener (Press Ctrl+C to exit)...
[2025-02-28 01:54:22] INFO: Starting application with log level: DEBUG
[2025-02-28 01:54:22] INFO: Starting application...
[2025-02-28 01:54:23] INFO: Starting LCU WebSocket client...
[2025-02-28 01:54:23] INFO: Subscribing to gameflow events...
[2025-02-28 01:54:23] INFO: Starting event listener (Press Ctrl+C to exit)...
[2025-02-28 01:58:18] INFO: Starting application with log level: DEBUG
[2025-02-28 01:58:18] INFO: Starting application...
[2025-02-28 01:58:19] INFO: Starting LCU WebSocket client...
[2025-02-28 01:58:19] INFO: Subscribing to gameflow events...
[2025-02-28 01:58:19] INFO: Starting event listener (Press Ctrl+C to exit)...
[2025-02-28 02:15:45] INFO: Starting application with log level: DEBUG
[2025-02-28 02:15:45] INFO: Starting application...
[2025-02-28 02:15:46] INFO: Starting LCU WebSocket client...
[2025-02-28 02:15:46] INFO: Subscribing to gameflow events...
[2025-02-28 02:15:46] INFO: Starting event listener (Press Ctrl+C to exit)...
[2025-02-28 02:20:09] INFO: Starting application with log level: DEBUG
[2025-02-28 02:20:09] INFO: Starting application...
[2025-02-28 02:20:10] INFO: Starting LCU WebSocket client...
[2025-02-28 02:20:10] INFO: Subscribing to gameflow events...
[2025-02-28 02:20:10] INFO: Starting event listener (Press Ctrl+C to exit)...
[2025-02-28 02:22:56] INFO: Starting application with log level: DEBUG
[2025-02-28 02:22:56] INFO: Starting application...
[2025-02-28 02:22:57] INFO: Starting LCU WebSocket client...
[2025-02-28 02:22:57] INFO: Subscribing to gameflow events...
[2025-02-28 02:22:57] INFO: Starting event listener (Press Ctrl+C to exit)...
[2025-02-28 02:26:21] INFO: Starting application with log level: DEBUG
[2025-02-28 02:26:21] INFO: Starting application...
[2025-02-28 02:26:22] INFO: Starting LCU WebSocket client...
[2025-02-28 02:26:22] INFO: Subscribing to gameflow events...
[2025-02-28 02:26:22] INFO: Starting event listener (Press Ctrl+C to exit)...
[2025-02-28 02:36:41] INFO: Starting application with log level: DEBUG
[2025-02-28 02:36:41] INFO: Starting application...
[2025-02-28 02:36:42] INFO: Starting LCU WebSocket client...
[2025-02-28 02:36:42] INFO: Subscribing to gameflow events...
[2025-02-28 02:36:42] INFO: Starting event listener (Press Ctrl+C to exit)...
[2025-02-28 02:48:55] INFO: Starting application with log level: DEBUG
[2025-02-28 02:48:55] INFO: Starting application...
[2025-02-28 02:48:57] INFO: Starting LCU WebSocket client...
[2025-02-28 02:48:57] INFO: Subscribing to gameflow events...
[2025-02-28 02:48:57] INFO: Starting event listener (Press Ctrl+C to exit)...
[2025-02-28 02:51:08] INFO: Starting application with log level: DEBUG
[2025-02-28 02:51:08] INFO: Starting application...
[2025-02-28 02:51:09] INFO: Starting LCU WebSocket client...
[2025-02-28 02:51:09] INFO: Subscribing to gameflow events...
[2025-02-28 02:51:09] INFO: Starting event listener (Press Ctrl+C to exit)...
[2025-02-28 02:53:24] INFO: Starting application with log level: DEBUG
[2025-02-28 02:53:24] INFO: Starting application...
[2025-02-28 02:53:25] INFO: Starting LCU WebSocket client...
[2025-02-28 02:53:25] INFO: Subscribing to gameflow events...
[2025-02-28 02:53:25] INFO: Starting event listener (Press Ctrl+C to exit)...
[2025-02-28 03:56:20] INFO: Starting application with log level: DEBUG
[2025-02-28 03:56:20] INFO: Starting application...
[2025-02-28 03:56:21] INFO: Starting LCU WebSocket client...
[2025-02-28 03:56:21] INFO: Subscribing to gameflow events...
[2025-02-28 03:56:21] INFO: Starting event listener (Press Ctrl+C to exit)...
[2025-02-28 04:01:20] INFO: Starting application with log level: DEBUG
[2025-02-28 04:01:20] INFO: Starting application...
[2025-02-28 04:01:21] INFO: Starting LCU WebSocket client...
[2025-02-28 04:01:21] INFO: Subscribing to gameflow events...
[2025-02-28 04:01:21] INFO: Starting event listener (Press Ctrl+C to exit)...
[2025-02-28 04:32:06] INFO: Starting application with log level: DEBUG
[2025-02-28 04:32:06] INFO: Starting application...
[2025-02-28 04:32:07] INFO: Starting LCU WebSocket client...
[2025-02-28 04:32:07] INFO: Subscribing to gameflow events...
[2025-02-28 04:32:07] INFO: Starting event listener (Press Ctrl+C to exit)...
[2025-02-28 04:34:21] INFO: Starting application with log level: DEBUG
[2025-02-28 04:34:21] INFO: Starting application...
[2025-02-28 04:34:22] INFO: Starting LCU WebSocket client...
[2025-02-28 04:34:22] INFO: Subscribing to gameflow events...
[2025-02-28 04:34:22] INFO: Starting event listener (Press Ctrl+C to exit)...
[2025-02-28 04:53:33] INFO: Starting application with log level: DEBUG
[2025-02-28 04:53:33] INFO: Starting application...
[2025-02-28 04:53:34] INFO: Starting LCU WebSocket client...
[2025-02-28 04:53:34] INFO: Subscribing to gameflow events...
[2025-02-28 04:53:34] INFO: Starting event listener (Press Ctrl+C to exit)...
[2025-02-28 05:29:39] INFO: Starting application with log level: DEBUG
[2025-02-28 05:29:39] INFO: Starting application...
[2025-02-28 05:29:41] INFO: Starting LCU WebSocket client...
[2025-02-28 05:29:41] INFO: Subscribing to gameflow events...
[2025-02-28 05:29:41] INFO: Starting event listener (Press Ctrl+C to exit)...
[2025-02-28 05:30:16] INFO: Starting application with log level: DEBUG
[2025-02-28 05:30:16] INFO: Starting application...
[2025-02-28 05:30:17] INFO: Starting LCU WebSocket client...
[2025-02-28 05:30:17] INFO: Subscribing to gameflow events...
[2025-02-28 05:30:17] INFO: Starting event listener (Press Ctrl+C to exit)...
[2025-02-28 05:32:14] INFO: Starting application with log level: DEBUG
[2025-02-28 05:32:14] INFO: Starting application...
[2025-02-28 05:32:15] INFO: Starting LCU WebSocket client...
[2025-02-28 05:32:15] INFO: Subscribing to gameflow events...
[2025-02-28 05:32:15] INFO: Starting event listener (Press Ctrl+C to exit)...
[2025-03-01 09:14:32] INFO: Starting application with log level: DEBUG
[2025-03-01 09:14:32] INFO: Starting application...
[2025-03-01 09:14:33] INFO: Starting LCU WebSocket client...
[2025-03-01 09:14:33] INFO: Subscribing to gameflow events...
[2025-03-01 09:14:33] INFO: Starting event listener (Press Ctrl+C to exit)...
[2025-03-01 09:18:46] INFO: Starting application with log level: DEBUG
[2025-03-01 09:18:46] INFO: Starting application...
[2025-03-01 09:18:46] INFO: Starting LCU WebSocket client...
[2025-03-01 09:18:46] INFO: Subscribing to gameflow events...
[2025-03-01 09:18:46] INFO: Starting event listener (Press Ctrl+C to exit)...
[2025-03-01 09:20:27] INFO: Starting application with log level: DEBUG
[2025-03-01 09:20:27] INFO: Starting application...
[2025-03-01 09:20:28] INFO: Starting LCU WebSocket client...
[2025-03-01 09:20:28] INFO: Subscribing to gameflow events...
[2025-03-01 09:20:28] INFO: Starting event listener (Press Ctrl+C to exit)...
[2025-03-01 09:21:42] INFO: Starting application with log level: DEBUG
[2025-03-01 09:21:42] INFO: Starting application...
[2025-03-01 09:21:42] INFO: Starting LCU WebSocket client...
[2025-03-01 09:21:42] INFO: Subscribing to gameflow events...
[2025-03-01 09:21:42] INFO: Starting event listener (Press Ctrl+C to exit)...
[2025-03-01 09:24:06] INFO: Starting application with log level: DEBUG
[2025-03-01 09:24:06] INFO: Starting application...
[2025-03-01 09:24:07] INFO: Starting LCU WebSocket client...
[2025-03-01 09:24:07] INFO: Subscribing to gameflow events...
[2025-03-01 09:24:07] INFO: Starting event listener (Press Ctrl+C to exit)...
[2025-03-01 09:25:44] INFO: Starting application with log level: DEBUG
[2025-03-01 09:25:44] INFO: Starting application...
[2025-03-01 09:25:44] INFO: Starting LCU WebSocket client...
[2025-03-01 09:25:44] INFO: Subscribing to gameflow events...
[2025-03-01 09:25:44] INFO: Starting event listener (Press Ctrl+C to exit)...
[2025-03-01 09:27:19] INFO: Starting application with log level: DEBUG
[2025-03-01 09:27:19] INFO: Starting application...
[2025-03-01 09:27:20] INFO: Starting LCU WebSocket client...
[2025-03-01 09:27:20] INFO: Subscribing to gameflow events...
[2025-03-01 09:27:20] INFO: Starting event listener (Press Ctrl+C to exit)...
[2025-03-01 09:29:29] INFO: Starting application with log level: DEBUG
[2025-03-01 09:29:29] INFO: Starting application...
[2025-03-01 09:29:30] INFO: Starting LCU WebSocket client...
[2025-03-01 09:29:30] INFO: Subscribing to gameflow events...
[2025-03-01 09:29:30] INFO: Starting event listener (Press Ctrl+C to exit)...
[2025-03-01 09:31:36] INFO: Starting application with log level: DEBUG
[2025-03-01 09:31:36] INFO: Starting application...
[2025-03-01 09:31:37] INFO: Starting LCU WebSocket client...
[2025-03-01 09:31:37] INFO: Subscribing to gameflow events...
[2025-03-01 09:31:37] INFO: Starting event listener (Press Ctrl+C to exit)...
[2025-03-01 09:33:52] INFO: Starting application with log level: DEBUG
[2025-03-01 09:33:52] INFO: Starting application...
[2025-03-01 09:33:53] INFO: Starting LCU WebSocket client...
[2025-03-01 09:33:53] INFO: Subscribing to gameflow events...
[2025-03-01 09:33:53] INFO: Starting event listener (Press Ctrl+C to exit)...
[2025-03-02 07:33:52] INFO: Starting application with log level: DEBUG
[2025-03-02 07:33:52] INFO: Starting application...
[2025-03-02 07:33:53] INFO: Starting LCU WebSocket client...
[2025-03-02 07:33:53] INFO: Subscribing to gameflow events...
[2025-03-02 07:33:53] INFO: Starting event listener (Press Ctrl+C to exit)...
[2025-03-02 07:35:28] INFO: Starting application with log level: DEBUG
[2025-03-02 07:35:28] INFO: Starting application...
[2025-03-02 07:35:29] INFO: Starting LCU WebSocket client...
[2025-03-02 07:35:29] INFO: Subscribing to gameflow events...
[2025-03-02 07:35:29] INFO: Starting event listener (Press Ctrl+C to exit)...
[2025-03-02 10:27:48] INFO: Starting application with log level: DEBUG
[2025-03-02 10:27:48] INFO: Starting application...
[2025-03-02 10:27:48] INFO: Starting LCU WebSocket client...
[2025-03-02 10:27:48] INFO: Subscribing to gameflow events...
[2025-03-02 10:27:48] INFO: Starting event listener (Press Ctrl+C to exit)...
[2025-03-02 10:31:22] INFO: Starting application with log level: DEBUG
[2025-03-02 10:31:22] INFO: Starting application...
[2025-03-02 10:31:23] INFO: Starting LCU WebSocket client...
[2025-03-02 10:31:23] INFO: Subscribing to gameflow events...
[2025-03-02 10:31:23] INFO: Starting event listener (Press Ctrl+C to exit)...
[2025-03-02 10:33:24] INFO: Starting application with log level: DEBUG
[2025-03-02 10:33:24] INFO: Starting application...
[2025-03-02 10:33:25] INFO: Starting LCU WebSocket client...
[2025-03-02 10:33:25] INFO: Subscribing to gameflow events...
[2025-03-02 10:33:25] INFO: Starting event listener (Press Ctrl+C to exit)...
[2025-03-02 10:38:06] INFO: Starting application with log level: DEBUG
[2025-03-02 10:38:06] INFO: Starting application...
[2025-03-02 10:38:07] INFO: Starting LCU WebSocket client...
[2025-03-02 10:38:07] INFO: Subscribing to gameflow events...
[2025-03-02 10:38:07] INFO: Starting event listener (Press Ctrl+C to exit)...
[2025-03-02 10:40:13] INFO: Starting application with log level: DEBUG
[2025-03-02 10:40:13] INFO: Starting application...
[2025-03-02 10:40:14] INFO: Starting LCU WebSocket client...
[2025-03-02 10:40:14] INFO: Subscribing to gameflow events...
[2025-03-02 10:40:14] INFO: Starting event listener (Press Ctrl+C to exit)...
[2025-03-02 10:45:53] INFO: Starting application with log level: DEBUG
[2025-03-02 10:45:53] INFO: Starting application...
[2025-03-02 10:45:53] INFO: Starting LCU WebSocket client...
[2025-03-02 10:45:53] INFO: Subscribing to gameflow events...
[2025-03-02 10:45:53] INFO: Starting event listener (Press Ctrl+C to exit)...
[2025-03-02 10:49:53] INFO: Starting application with log level: DEBUG
[2025-03-02 10:49:53] INFO: Starting application...
[2025-03-02 10:49:53] INFO: Starting LCU WebSocket client...
[2025-03-02 10:49:53] INFO: Subscribing to gameflow events...
[2025-03-02 10:49:53] INFO: Starting event listener (Press Ctrl+C to exit)...
[2025-03-02 10:52:06] INFO: Starting application with log level: DEBUG
[2025-03-02 10:52:06] INFO: Starting application...
[2025-03-02 10:52:07] INFO: Starting LCU WebSocket client...
[2025-03-02 10:52:07] INFO: Subscribing to gameflow events...
[2025-03-02 10:52:07] INFO: Starting event listener (Press Ctrl+C to exit)...
[2025-03-02 10:55:50] INFO: Starting application with log level: DEBUG
[2025-03-02 10:55:50] INFO: Starting application...
[2025-03-02 10:55:50] INFO: Starting LCU WebSocket client...
[2025-03-02 10:55:50] INFO: Subscribing to gameflow events...
[2025-03-02 10:55:50] INFO: Starting event listener (Press Ctrl+C to exit)...
[2025-03-02 11:15:24] INFO: Starting application with config from: config.toml
[2025-03-02 11:15:24] INFO: Starting application...
[2025-03-02 11:15:25] INFO: Starting LCU WebSocket client...
[2025-03-02 11:15:25] INFO: Subscribing to gameflow events...
[2025-03-02 11:15:25] INFO: Starting event listener (Press Ctrl+C to exit)...
[2025-03-02 11:15:57] INFO: Starting application with config from: config.toml
[2025-03-02 11:15:57] INFO: Starting application...
[2025-03-02 11:15:58] INFO: Starting LCU WebSocket client...
[2025-03-02 11:15:58] INFO: Subscribing to gameflow events...
[2025-03-02 11:15:58] INFO: Starting event listener (Press Ctrl+C to exit)...
[2025-03-02 11:17:45] INFO: Starting application with config from: config.toml
[2025-03-02 11:17:45] INFO: Starting application...
[2025-03-02 11:17:46] INFO: Starting LCU WebSocket client...
[2025-03-02 11:17:46] INFO: Subscribing to gameflow events...
[2025-03-02 11:17:46] INFO: Starting event listener (Press Ctrl+C to exit)...
